Using /hdfs/store/user/ekoenig/MonoZprimeJet/PostFiles/2016/SingleEleCR/20200123_postFiles
Using /hdfs/store/user/ekoenig/MonoZprimeJet/PostFiles/2016/DoubleEleCR/20200123_postFiles
Using /hdfs/store/user/ekoenig/MonoZprimeJet/PostFiles/2016/SingleMuCR/20200123_postFiles
Using /hdfs/store/user/ekoenig/MonoZprimeJet/PostFiles/2016/SignalRegion/20200123_postFiles
Using /hdfs/store/user/ekoenig/MonoZprimeJet/PostFiles/2016/DoubleMuCR/20200123_postFiles
SingleEleCR
Total SumOfBkg      +6.9e-02/-6.9e-02
DoubleEleCR
Total SumOfBkg      +9.9e-02/-9.9e-02
SingleMuCR
Total SumOfBkg      +6.8e-02/-6.8e-02
SignalRegion
Total SumOfBkg      +7.2e-02/-7.2e-02
DoubleMuCR
Total SumOfBkg      +1.0e-01/-1.0e-01
Z/W Linking
{'Stat_WJets': <PlotTool.Nuisance.Nuisance object at 0x7f6c607983d0>, 'NNLO_Miss_ZJets': <PlotTool.Nuisance.Nuisance object at 0x7f6c60798210>, 'QCD_Scale_WJets': <PlotTool.Nuisance.Nuisance object at 0x7f6c60798050>, 'QCD_Scale_ZJets': <PlotTool.Nuisance.Nuisance object at 0x7f6c7a438fd0>, 'QCD_EWK_Mix_WJets': <PlotTool.Nuisance.Nuisance object at 0x7f6c60798350>, 'QCD_Shape_WJets': <PlotTool.Nuisance.Nuisance object at 0x7f6c607980d0>, 'NNLO_EWK_ZJets': <PlotTool.Nuisance.Nuisance object at 0x7f6c60798190>, 'NNLO_EWK_WJets': <PlotTool.Nuisance.Nuisance object at 0x7f6c607981d0>, 'NNLO_Sud_ZJets': <PlotTool.Nuisance.Nuisance object at 0x7f6c60798290>, 'QCD_Shape_ZJets': <PlotTool.Nuisance.Nuisance object at 0x7f6c60798090>, 'Total': <PlotTool.Nuisance.Nuisance object at 0x7f6c7a438f90>, 'QCD_Proc_ZJets': <PlotTool.Nuisance.Nuisance object at 0x7f6c60798110>, 'QCD_Proc_WJets': <PlotTool.Nuisance.Nuisance object at 0x7f6c60798150>, 'Stat_ZJets': <PlotTool.Nuisance.Nuisance object at 0x7f6c60798390>, 'QCD_EWK_Mix_ZJets': <PlotTool.Nuisance.Nuisance object at 0x7f6c60798310>, 'NNLO_Sud_WJets': <PlotTool.Nuisance.Nuisance object at 0x7f6c607982d0>, 'NNLO_Miss_WJets': <PlotTool.Nuisance.Nuisance object at 0x7f6c60798250>}
DoubleEleCR Transfer
{'NNLO_Miss_DYJets': <PlotTool.Nuisance.Nuisance object at 0x7f6c60798190>, 'QCD_EWK_Mix_DYJets': <PlotTool.Nuisance.Nuisance object at 0x7f6c60798210>, 'NNLO_Miss_ZJets': <PlotTool.Nuisance.Nuisance object at 0x7f6c607981d0>, 'QCD_Scale_ZJets': <PlotTool.Nuisance.Nuisance object at 0x7f6c7a438fd0>, 'Stat_DYJets': <PlotTool.Nuisance.Nuisance object at 0x7f6c607bde10>, 'NNLO_EWK_ZJets': <PlotTool.Nuisance.Nuisance object at 0x7f6c60798090>, 'NNLO_Sud_ZJets': <PlotTool.Nuisance.Nuisance object at 0x7f6c607980d0>, 'QCD_Proc_DYJets': <PlotTool.Nuisance.Nuisance object at 0x7f6c60798110>, 'QCD_Shape_ZJets': <PlotTool.Nuisance.Nuisance object at 0x7f6c607982d0>, 'Total': <PlotTool.Nuisance.Nuisance object at 0x7f6c7a438f90>, 'QCD_Shape_DYJets': <PlotTool.Nuisance.Nuisance object at 0x7f6c60798390>, 'QCD_Proc_ZJets': <PlotTool.Nuisance.Nuisance object at 0x7f6c60798150>, 'NNLO_Sud_DYJets': <PlotTool.Nuisance.Nuisance object at 0x7f6c60798350>, 'Stat_ZJets': <PlotTool.Nuisance.Nuisance object at 0x7f6c607983d0>, 'QCD_EWK_Mix_ZJets': <PlotTool.Nuisance.Nuisance object at 0x7f6c60798050>, 'NNLO_EWK_DYJets': <PlotTool.Nuisance.Nuisance object at 0x7f6c60798290>, 'QCD_Scale_DYJets': <PlotTool.Nuisance.Nuisance object at 0x7f6c60798250>}
DoubleMuCR Transfer
{'NNLO_Miss_DYJets': <PlotTool.Nuisance.Nuisance object at 0x7f6c607982d0>, 'QCD_EWK_Mix_DYJets': <PlotTool.Nuisance.Nuisance object at 0x7f6c607981d0>, 'NNLO_Miss_ZJets': <PlotTool.Nuisance.Nuisance object at 0x7f6c60798390>, 'QCD_Scale_ZJets': <PlotTool.Nuisance.Nuisance object at 0x7f6c7a438f90>, 'Stat_DYJets': <PlotTool.Nuisance.Nuisance object at 0x7f6c60798190>, 'NNLO_EWK_ZJets': <PlotTool.Nuisance.Nuisance object at 0x7f6c60798350>, 'NNLO_Sud_ZJets': <PlotTool.Nuisance.Nuisance object at 0x7f6c60798110>, 'QCD_Proc_DYJets': <PlotTool.Nuisance.Nuisance object at 0x7f6c607983d0>, 'QCD_Shape_ZJets': <PlotTool.Nuisance.Nuisance object at 0x7f6c60798250>, 'Total': <PlotTool.Nuisance.Nuisance object at 0x7f6c7a438d10>, 'QCD_Shape_DYJets': <PlotTool.Nuisance.Nuisance object at 0x7f6c60798290>, 'QCD_Proc_ZJets': <PlotTool.Nuisance.Nuisance object at 0x7f6c60798050>, 'NNLO_Sud_DYJets': <PlotTool.Nuisance.Nuisance object at 0x7f6c607980d0>, 'Stat_ZJets': <PlotTool.Nuisance.Nuisance object at 0x7f6c60798210>, 'QCD_EWK_Mix_ZJets': <PlotTool.Nuisance.Nuisance object at 0x7f6c60798090>, 'NNLO_EWK_DYJets': <PlotTool.Nuisance.Nuisance object at 0x7f6c60798150>, 'QCD_Scale_DYJets': <PlotTool.Nuisance.Nuisance object at 0x7f6c7a438fd0>}
SingleEleCR Transfer
{'Stat_WJets': <PlotTool.Nuisance.Nuisance object at 0x7f6c60798250>, 'QCD_Scale_WJets': <PlotTool.Nuisance.Nuisance object at 0x7f6c7a438f90>, 'NNLO_Miss_WJets': <PlotTool.Nuisance.Nuisance object at 0x7f6c607980d0>, 'QCD_EWK_Mix_WJets': <PlotTool.Nuisance.Nuisance object at 0x7f6c60798290>, 'QCD_Shape_WJets': <PlotTool.Nuisance.Nuisance object at 0x7f6c60798150>, 'NNLO_EWK_WJets': <PlotTool.Nuisance.Nuisance object at 0x7f6c60798210>, 'QCD_Proc_WJets': <PlotTool.Nuisance.Nuisance object at 0x7f6c60798090>, 'Total': <PlotTool.Nuisance.Nuisance object at 0x7f6c7a438fd0>, 'NNLO_Sud_WJets': <PlotTool.Nuisance.Nuisance object at 0x7f6c60798050>}
SingleMuCR Transfer
{'Stat_WJets': <PlotTool.Nuisance.Nuisance object at 0x7f6c60798250>, 'QCD_Scale_WJets': <PlotTool.Nuisance.Nuisance object at 0x7f6c7a438d10>, 'NNLO_Miss_WJets': <PlotTool.Nuisance.Nuisance object at 0x7f6c60798150>, 'QCD_EWK_Mix_WJets': <PlotTool.Nuisance.Nuisance object at 0x7f6c607980d0>, 'QCD_Shape_WJets': <PlotTool.Nuisance.Nuisance object at 0x7f6c60798050>, 'NNLO_EWK_WJets': <PlotTool.Nuisance.Nuisance object at 0x7f6c60798210>, 'QCD_Proc_WJets': <PlotTool.Nuisance.Nuisance object at 0x7f6c60798090>, 'Total': <PlotTool.Nuisance.Nuisance object at 0x7f6c7a438fd0>, 'NNLO_Sud_WJets': <PlotTool.Nuisance.Nuisance object at 0x7f6c60798290>}
Electron CR Z/W Linking
{'NNLO_Miss_DYJets': <PlotTool.Nuisance.Nuisance object at 0x7f6c60798250>, 'Total': <PlotTool.Nuisance.Nuisance object at 0x7f6c7a438fd0>, 'Stat_DYJets': <PlotTool.Nuisance.Nuisance object at 0x7f6c607981d0>, 'Stat_WJets': <PlotTool.Nuisance.Nuisance object at 0x7f6c607982d0>, 'QCD_Scale_WJets': <PlotTool.Nuisance.Nuisance object at 0x7f6c7a438f90>, 'NNLO_Miss_WJets': <PlotTool.Nuisance.Nuisance object at 0x7f6c607983d0>, 'QCD_EWK_Mix_WJets': <PlotTool.Nuisance.Nuisance object at 0x7f6c60798390>, 'QCD_Shape_WJets': <PlotTool.Nuisance.Nuisance object at 0x7f6c60798090>, 'NNLO_EWK_WJets': <PlotTool.Nuisance.Nuisance object at 0x7f6c60798150>, 'QCD_Proc_DYJets': <PlotTool.Nuisance.Nuisance object at 0x7f6c60798210>, 'NNLO_Sud_DYJets': <PlotTool.Nuisance.Nuisance object at 0x7f6c60798110>, 'QCD_Shape_DYJets': <PlotTool.Nuisance.Nuisance object at 0x7f6c60798290>, 'NNLO_Sud_WJets': <PlotTool.Nuisance.Nuisance object at 0x7f6c60798350>, 'QCD_Proc_WJets': <PlotTool.Nuisance.Nuisance object at 0x7f6c60798050>, 'QCD_EWK_Mix_DYJets': <PlotTool.Nuisance.Nuisance object at 0x7f6c60798190>, 'NNLO_EWK_DYJets': <PlotTool.Nuisance.Nuisance object at 0x7f6c607980d0>, 'QCD_Scale_DYJets': <PlotTool.Nuisance.Nuisance object at 0x7f6c7a438d10>}
Muon CR Z/W Linking
{'NNLO_Miss_DYJets': <PlotTool.Nuisance.Nuisance object at 0x7f6c60798210>, 'Total': <PlotTool.Nuisance.Nuisance object at 0x7f6c7a438d10>, 'Stat_DYJets': <PlotTool.Nuisance.Nuisance object at 0x7f6c607981d0>, 'Stat_WJets': <PlotTool.Nuisance.Nuisance object at 0x7f6c60798250>, 'QCD_Scale_WJets': <PlotTool.Nuisance.Nuisance object at 0x7f6c7a438fd0>, 'NNLO_Miss_WJets': <PlotTool.Nuisance.Nuisance object at 0x7f6c60798150>, 'QCD_EWK_Mix_WJets': <PlotTool.Nuisance.Nuisance object at 0x7f6c607982d0>, 'QCD_Shape_WJets': <PlotTool.Nuisance.Nuisance object at 0x7f6c60798190>, 'NNLO_EWK_WJets': <PlotTool.Nuisance.Nuisance object at 0x7f6c60798110>, 'QCD_Proc_DYJets': <PlotTool.Nuisance.Nuisance object at 0x7f6c60798050>, 'NNLO_Sud_DYJets': <PlotTool.Nuisance.Nuisance object at 0x7f6c60798090>, 'QCD_Shape_DYJets': <PlotTool.Nuisance.Nuisance object at 0x7f6c607980d0>, 'NNLO_Sud_WJets': <PlotTool.Nuisance.Nuisance object at 0x7f6c60798390>, 'QCD_Proc_WJets': <PlotTool.Nuisance.Nuisance object at 0x7f6c60798350>, 'QCD_EWK_Mix_DYJets': <PlotTool.Nuisance.Nuisance object at 0x7f6c607983d0>, 'NNLO_EWK_DYJets': <PlotTool.Nuisance.Nuisance object at 0x7f6c60798290>, 'QCD_Scale_DYJets': <PlotTool.Nuisance.Nuisance object at 0x7f6c7a438f90>}
CR Z/W Linking
{'QCD_EWK_Mix_SumOfBkg': <PlotTool.Nuisance.Nuisance object at 0x7f6c607c6710>, 'QCD_Proc_SumOfBkg': <PlotTool.Nuisance.Nuisance object at 0x7f6c607c6590>, 'NNLO_Sud_SumOfBkg': <PlotTool.Nuisance.Nuisance object at 0x7f6c607c6650>, 'NNLO_Miss_SumOfBkg': <PlotTool.Nuisance.Nuisance object at 0x7f6c607c6610>, 'Stat_SumOfBkg': <PlotTool.Nuisance.Nuisance object at 0x7f6c607c6750>, 'QCD_Shape_SumOfBkg': <PlotTool.Nuisance.Nuisance object at 0x7f6c607c6550>, 'QCD_Scale_SumOfBkg': <PlotTool.Nuisance.Nuisance object at 0x7f6c607c6450>, 'Total': <PlotTool.Nuisance.Nuisance object at 0x7f6c607c64d0>, 'NNLO_EWK_SumOfBkg': <PlotTool.Nuisance.Nuisance object at 0x7f6c607c65d0>}
